

IMPORTANT WARNING: Sequences MT0403331 and MT0403341 are exactly identical


IMPORTANT WARNING: Sequences MT0403331 and MT0403351 are exactly identical


IMPORTANT WARNING: Sequences MT0403331 and MT0403361 are exactly identical


IMPORTANT WARNING: Sequences MT0403331 and MT0728641 are exactly identical


IMPORTANT WARNING: Sequences MG7729331 and MG7729341 are exactly identical


IMPORTANT WARNING: Sequences DQ4120421 and DQ6488561 are exactly identical


IMPORTANT WARNING: Sequences KJ4738121 and KY7708601 are exactly identical


IMPORTANT WARNING: Sequences DQ0223052 and GQ1535471 are exactly identical


IMPORTANT WARNING: Sequences KJ4738151 and KU9736921 are exactly identical


IMPORTANT WARNING: Sequences KY4171421 and MK2113761 are exactly identical


IMPORTANT WARNING: Sequences KY4171421 and MK2113781 are exactly identical


IMPORTANT WARNING: Sequences AY5720341 and AY5720351 are exactly identical


IMPORTANT WARNING: Sequences AY5720341 and AY5720381 are exactly identical


IMPORTANT WARNING: Sequences AY5720341 and AY6868631 are exactly identical


IMPORTANT WARNING: Sequences AY5720341 and AY6868641 are exactly identical


IMPORTANT WARNING: Sequences AY5720341 and KY4171431 are exactly identical


IMPORTANT WARNING: Sequences AY5720341 and KY7708581 are exactly identical


IMPORTANT WARNING: Sequences AY5720341 and MK2113771 are exactly identical


IMPORTANT WARNING: Sequences AY5720341 and NC0047183 are exactly identical


IMPORTANT WARNING: Sequences KF3674571 and KT4445821 are exactly identical

IMPORTANT WARNING
Found 20 sequences that are exactly identical to other sequences in the alignment.
Normally they should be excluded from the analysis.

Just in case you might need it, an alignment file with 
sequence duplicates removed is printed to file /tmp/tmpjex7Qi.align.reduced
TreeFix-DTL version: 1.0.2

TreeFix-DTL executed with the following arguments:
treefixDTL -s species.tree -S mapping.txt -A .aln -o .tree -n .treefixDTL.tree -U .tree -e "-m GTRGAMMA -e 2.0" -V1 -l ./.nuc.raxml.treefixDTL.log E.tree

TreeFix command:
treefix --log ./.nuc.raxml.treefixDTL.log --smap mapping.txt --verbose 1 --extra "-m GTRGAMMA -e 2.0" --alignext .aln --oldext .tree --niter 1000 --stree species.tree --newext .treefixDTL.tree --module treefix.models.raxmlmodel.RAxMLModel --alpha 0.05 --test SH --smodule treefix.models.rangerdtlmodel.DTLModel --usertreeext .tree --nquickiter 100 --freconroot 0 E.tree



