
RAxML can't, parse the alignment file as phylip file 
it will now try to parse it as FASTA file



IMPORTANT WARNING: Sequences DQ4120421 and DQ6488561 are exactly identical


IMPORTANT WARNING: Sequences AY6868641 and AY5720381 are exactly identical


IMPORTANT WARNING: Sequences AY6868641 and AY5720341 are exactly identical


IMPORTANT WARNING: Sequences AY6868641 and AY5720351 are exactly identical


IMPORTANT WARNING: Sequences AY6868641 and AY6868631 are exactly identical


IMPORTANT WARNING: Sequences KT4445821 and KF3674571 are exactly identical


IMPORTANT WARNING: Sequences KT4445821 and KY4171511 are exactly identical


IMPORTANT WARNING: Sequences GQ1535471 and DQ0223052 are exactly identical


IMPORTANT WARNING: Sequences MT0403361 and MT0403351 are exactly identical


IMPORTANT WARNING: Sequences MT0403361 and MT0403331 are exactly identical


IMPORTANT WARNING: Sequences MG7729341 and MG7729331 are exactly identical

IMPORTANT WARNING
Found 11 sequences that are exactly identical to other sequences in the alignment.
Normally they should be excluded from the analysis.

Just in case you might need it, an alignment file with 
sequence duplicates removed is printed to file M.aln.reduced


Using BFGS method to optimize GTR rate parameters, to disable this specify "--no-bfgs" 


This is the RAxML Master Pthread

This is RAxML Worker Pthread Number: 2

This is RAxML Worker Pthread Number: 1

This is RAxML Worker Pthread Number: 3

This is RAxML Worker Pthread Number: 4

This is RAxML Worker Pthread Number: 5

This is RAxML Worker Pthread Number: 8

This is RAxML Worker Pthread Number: 6

This is RAxML Worker Pthread Number: 9

This is RAxML Worker Pthread Number: 7


This is RAxML version 8.2.11 released by Alexandros Stamatakis on June 2017.

With greatly appreciated code contributions by:
Andre Aberer      (HITS)
Simon Berger      (HITS)
Alexey Kozlov     (HITS)
Kassian Kobert    (HITS)
David Dao         (KIT and HITS)
Sarah Lutteropp   (KIT and HITS)
Nick Pattengale   (Sandia)
Wayne Pfeiffer    (SDSC)
Akifumi S. Tanabe (NRIFS)
Charlie Taylor    (UF)


Alignment has 236 distinct alignment patterns

Proportion of gaps and completely undetermined characters in this alignment: 3.23%

RAxML rapid bootstrapping and subsequent ML search

Using 1 distinct models/data partitions with joint branch length optimization



Executing 100 rapid bootstrap inferences and thereafter a thorough ML search 

All free model parameters will be estimated by RAxML
GAMMA model of rate heterogeneity, ML estimate of alpha-parameter

GAMMA Model parameters will be estimated up to an accuracy of 0.1000000000 Log Likelihood units

Partition: 0
Alignment Patterns: 236
Name: No Name Provided
DataType: DNA
Substitution Matrix: GTR




RAxML was called as follows:

raxmlHPC-PTHREADS -T 10 -f a -p 13579 -N 100 -m GTRGAMMA -x 12345 -s M.aln -n M.tree 



Time for BS model parameter optimization 0.125995
Bootstrap[0]: Time 0.887246 seconds, bootstrap likelihood -4083.793447, best rearrangement setting 13
Bootstrap[1]: Time 0.761136 seconds, bootstrap likelihood -3997.947377, best rearrangement setting 13
Bootstrap[2]: Time 0.734533 seconds, bootstrap likelihood -4281.432628, best rearrangement setting 12
Bootstrap[3]: Time 0.756364 seconds, bootstrap likelihood -3684.559208, best rearrangement setting 15
Bootstrap[4]: Time 0.743649 seconds, bootstrap likelihood -4107.384678, best rearrangement setting 10
Bootstrap[5]: Time 0.658256 seconds, bootstrap likelihood -3755.490824, best rearrangement setting 10
Bootstrap[6]: Time 0.674959 seconds, bootstrap likelihood -4235.598929, best rearrangement setting 6
Bootstrap[7]: Time 0.725227 seconds, bootstrap likelihood -4093.885842, best rearrangement setting 14
Bootstrap[8]: Time 0.627148 seconds, bootstrap likelihood -4030.938204, best rearrangement setting 5
Bootstrap[9]: Time 0.713853 seconds, bootstrap likelihood -3909.133521, best rearrangement setting 7
Bootstrap[10]: Time 0.728496 seconds, bootstrap likelihood -4010.375235, best rearrangement setting 7
Bootstrap[11]: Time 0.653001 seconds, bootstrap likelihood -4001.228783, best rearrangement setting 5
Bootstrap[12]: Time 0.779204 seconds, bootstrap likelihood -4507.386798, best rearrangement setting 8
Bootstrap[13]: Time 0.707910 seconds, bootstrap likelihood -4356.024058, best rearrangement setting 7
Bootstrap[14]: Time 0.748026 seconds, bootstrap likelihood -4149.502366, best rearrangement setting 12
Bootstrap[15]: Time 0.732050 seconds, bootstrap likelihood -3837.561251, best rearrangement setting 15
Bootstrap[16]: Time 0.654485 seconds, bootstrap likelihood -3987.701260, best rearrangement setting 12
Bootstrap[17]: Time 0.716996 seconds, bootstrap likelihood -3804.602219, best rearrangement setting 12
Bootstrap[18]: Time 0.658250 seconds, bootstrap likelihood -4116.239293, best rearrangement setting 5
Bootstrap[19]: Time 0.619324 seconds, bootstrap likelihood -4502.404522, best rearrangement setting 8
Bootstrap[20]: Time 0.756456 seconds, bootstrap likelihood -4027.124627, best rearrangement setting 10
Bootstrap[21]: Time 0.629673 seconds, bootstrap likelihood -3762.150498, best rearrangement setting 6
Bootstrap[22]: Time 0.697533 seconds, bootstrap likelihood -3899.327589, best rearrangement setting 5
Bootstrap[23]: Time 0.739640 seconds, bootstrap likelihood -4089.152487, best rearrangement setting 7
Bootstrap[24]: Time 0.714151 seconds, bootstrap likelihood -4029.891008, best rearrangement setting 8
Bootstrap[25]: Time 0.655101 seconds, bootstrap likelihood -3904.456539, best rearrangement setting 6
Bootstrap[26]: Time 0.615622 seconds, bootstrap likelihood -4078.590078, best rearrangement setting 12
Bootstrap[27]: Time 0.678744 seconds, bootstrap likelihood -4117.218954, best rearrangement setting 10
Bootstrap[28]: Time 0.714218 seconds, bootstrap likelihood -4172.694034, best rearrangement setting 11
Bootstrap[29]: Time 0.804211 seconds, bootstrap likelihood -4139.426290, best rearrangement setting 12
Bootstrap[30]: Time 0.712031 seconds, bootstrap likelihood -4091.374374, best rearrangement setting 15
Bootstrap[31]: Time 0.667587 seconds, bootstrap likelihood -4099.405687, best rearrangement setting 15
Bootstrap[32]: Time 0.667096 seconds, bootstrap likelihood -4032.702643, best rearrangement setting 6
Bootstrap[33]: Time 0.728955 seconds, bootstrap likelihood -4279.275182, best rearrangement setting 15
Bootstrap[34]: Time 0.754385 seconds, bootstrap likelihood -3819.360186, best rearrangement setting 11
Bootstrap[35]: Time 0.678816 seconds, bootstrap likelihood -3916.529920, best rearrangement setting 8
Bootstrap[36]: Time 0.737836 seconds, bootstrap likelihood -3775.611992, best rearrangement setting 9
Bootstrap[37]: Time 0.744900 seconds, bootstrap likelihood -3861.236585, best rearrangement setting 11
Bootstrap[38]: Time 0.738403 seconds, bootstrap likelihood -4034.618669, best rearrangement setting 8
Bootstrap[39]: Time 0.738505 seconds, bootstrap likelihood -4057.380701, best rearrangement setting 13
Bootstrap[40]: Time 0.631249 seconds, bootstrap likelihood -3964.731238, best rearrangement setting 13
Bootstrap[41]: Time 0.609617 seconds, bootstrap likelihood -3927.320433, best rearrangement setting 10
Bootstrap[42]: Time 0.670017 seconds, bootstrap likelihood -4051.440535, best rearrangement setting 5
Bootstrap[43]: Time 0.755877 seconds, bootstrap likelihood -4047.257467, best rearrangement setting 14
Bootstrap[44]: Time 0.688105 seconds, bootstrap likelihood -4380.530852, best rearrangement setting 10
Bootstrap[45]: Time 0.690715 seconds, bootstrap likelihood -3972.387584, best rearrangement setting 15
Bootstrap[46]: Time 0.676264 seconds, bootstrap likelihood -3912.265182, best rearrangement setting 14
Bootstrap[47]: Time 0.635238 seconds, bootstrap likelihood -3973.859282, best rearrangement setting 8
Bootstrap[48]: Time 0.748473 seconds, bootstrap likelihood -4061.490841, best rearrangement setting 6
Bootstrap[49]: Time 0.728141 seconds, bootstrap likelihood -3980.028600, best rearrangement setting 7
Bootstrap[50]: Time 0.596124 seconds, bootstrap likelihood -3768.779139, best rearrangement setting 7
Bootstrap[51]: Time 0.731789 seconds, bootstrap likelihood -4097.867784, best rearrangement setting 11
Bootstrap[52]: Time 0.748218 seconds, bootstrap likelihood -4382.956030, best rearrangement setting 12
Bootstrap[53]: Time 0.699220 seconds, bootstrap likelihood -4580.868561, best rearrangement setting 8
Bootstrap[54]: Time 0.749705 seconds, bootstrap likelihood -4368.624026, best rearrangement setting 9
Bootstrap[55]: Time 0.655736 seconds, bootstrap likelihood -3878.629388, best rearrangement setting 11
Bootstrap[56]: Time 0.662691 seconds, bootstrap likelihood -4035.979062, best rearrangement setting 5
Bootstrap[57]: Time 0.605740 seconds, bootstrap likelihood -3997.813707, best rearrangement setting 7
Bootstrap[58]: Time 0.741402 seconds, bootstrap likelihood -4413.016876, best rearrangement setting 10
Bootstrap[59]: Time 0.716478 seconds, bootstrap likelihood -4224.256677, best rearrangement setting 9
Bootstrap[60]: Time 0.732440 seconds, bootstrap likelihood -4201.945530, best rearrangement setting 7
Bootstrap[61]: Time 0.666553 seconds, bootstrap likelihood -4302.773840, best rearrangement setting 5
Bootstrap[62]: Time 0.679100 seconds, bootstrap likelihood -4908.894543, best rearrangement setting 11
Bootstrap[63]: Time 0.727307 seconds, bootstrap likelihood -3901.760977, best rearrangement setting 12
Bootstrap[64]: Time 0.645542 seconds, bootstrap likelihood -4099.050575, best rearrangement setting 7
Bootstrap[65]: Time 0.695601 seconds, bootstrap likelihood -4240.191556, best rearrangement setting 5
Bootstrap[66]: Time 0.634352 seconds, bootstrap likelihood -3920.555101, best rearrangement setting 5
Bootstrap[67]: Time 0.773031 seconds, bootstrap likelihood -4368.989333, best rearrangement setting 15
Bootstrap[68]: Time 0.795905 seconds, bootstrap likelihood -3846.018369, best rearrangement setting 11
Bootstrap[69]: Time 0.637765 seconds, bootstrap likelihood -4195.984755, best rearrangement setting 5
Bootstrap[70]: Time 0.723214 seconds, bootstrap likelihood -3948.328487, best rearrangement setting 8
Bootstrap[71]: Time 0.792207 seconds, bootstrap likelihood -4106.915131, best rearrangement setting 10
Bootstrap[72]: Time 0.702491 seconds, bootstrap likelihood -3583.416584, best rearrangement setting 11
Bootstrap[73]: Time 0.646187 seconds, bootstrap likelihood -4024.694100, best rearrangement setting 9
Bootstrap[74]: Time 0.776551 seconds, bootstrap likelihood -4196.495988, best rearrangement setting 5
Bootstrap[75]: Time 0.786592 seconds, bootstrap likelihood -4198.284067, best rearrangement setting 8
Bootstrap[76]: Time 0.680091 seconds, bootstrap likelihood -4153.017090, best rearrangement setting 9
Bootstrap[77]: Time 0.665462 seconds, bootstrap likelihood -3990.795588, best rearrangement setting 11
Bootstrap[78]: Time 0.677489 seconds, bootstrap likelihood -4173.649479, best rearrangement setting 15
Bootstrap[79]: Time 0.681017 seconds, bootstrap likelihood -4206.465230, best rearrangement setting 9
Bootstrap[80]: Time 0.758747 seconds, bootstrap likelihood -4143.744285, best rearrangement setting 15
Bootstrap[81]: Time 0.732424 seconds, bootstrap likelihood -3925.313966, best rearrangement setting 7
Bootstrap[82]: Time 0.742883 seconds, bootstrap likelihood -4382.387667, best rearrangement setting 6
Bootstrap[83]: Time 0.760629 seconds, bootstrap likelihood -4079.853670, best rearrangement setting 10
Bootstrap[84]: Time 0.635627 seconds, bootstrap likelihood -3709.940914, best rearrangement setting 11
Bootstrap[85]: Time 0.652422 seconds, bootstrap likelihood -4075.005487, best rearrangement setting 8
Bootstrap[86]: Time 0.672082 seconds, bootstrap likelihood -4229.618124, best rearrangement setting 7
Bootstrap[87]: Time 0.760470 seconds, bootstrap likelihood -4232.971207, best rearrangement setting 7
Bootstrap[88]: Time 0.668892 seconds, bootstrap likelihood -4047.436586, best rearrangement setting 12
Bootstrap[89]: Time 0.735778 seconds, bootstrap likelihood -3835.465667, best rearrangement setting 10
Bootstrap[90]: Time 0.778329 seconds, bootstrap likelihood -3958.283132, best rearrangement setting 8
Bootstrap[91]: Time 0.767300 seconds, bootstrap likelihood -4205.342407, best rearrangement setting 12
Bootstrap[92]: Time 0.660442 seconds, bootstrap likelihood -3978.948364, best rearrangement setting 13
Bootstrap[93]: Time 0.734079 seconds, bootstrap likelihood -4133.989336, best rearrangement setting 15
Bootstrap[94]: Time 0.607765 seconds, bootstrap likelihood -3887.260130, best rearrangement setting 5
Bootstrap[95]: Time 0.737670 seconds, bootstrap likelihood -4353.141612, best rearrangement setting 5
Bootstrap[96]: Time 0.776633 seconds, bootstrap likelihood -4178.130341, best rearrangement setting 13
Bootstrap[97]: Time 0.775365 seconds, bootstrap likelihood -4060.298634, best rearrangement setting 11
Bootstrap[98]: Time 0.682143 seconds, bootstrap likelihood -3904.255022, best rearrangement setting 6
Bootstrap[99]: Time 0.712948 seconds, bootstrap likelihood -3988.873057, best rearrangement setting 14


Overall Time for 100 Rapid Bootstraps 70.954495 seconds
Average Time per Rapid Bootstrap 0.709545 seconds

Starting ML Search ...

Fast ML optimization finished

Fast ML search Time: 29.032312 seconds

Slow ML Search 0 Likelihood: -4136.342014
Slow ML Search 1 Likelihood: -4136.098372
Slow ML Search 2 Likelihood: -4136.098386
Slow ML Search 3 Likelihood: -4136.098538
Slow ML Search 4 Likelihood: -4136.459358
Slow ML Search 5 Likelihood: -4136.459366
Slow ML Search 6 Likelihood: -4136.459367
Slow ML Search 7 Likelihood: -4136.098361
Slow ML Search 8 Likelihood: -4136.098409
Slow ML Search 9 Likelihood: -4136.098539
Slow ML optimization finished

Slow ML search Time: 22.906086 seconds
Thorough ML search Time: 3.215893 seconds

Final ML Optimization Likelihood: -4136.089646

Model Information:

Model Parameters of Partition 0, Name: No Name Provided, Type of Data: DNA
alpha: 0.224772
Tree-Length: 1.885795
rate A <-> C: 1.029032
rate A <-> G: 2.673089
rate A <-> T: 1.417466
rate C <-> G: 0.305377
rate C <-> T: 6.423134
rate G <-> T: 1.000000

freq pi(A): 0.247785
freq pi(C): 0.220068
freq pi(G): 0.227255
freq pi(T): 0.304892


ML search took 55.198192 secs or 0.015333 hours

Combined Bootstrap and ML search took 126.156128 secs or 0.035043 hours

Drawing Bootstrap Support Values on best-scoring ML tree ...



Found 1 tree in File /home/FCAM/szaman/researchMukul/covid/5_gene_alignments/5_longest_gene/M_faster/RAxML_bestTree.M.tree



Found 1 tree in File /home/FCAM/szaman/researchMukul/covid/5_gene_alignments/5_longest_gene/M_faster/RAxML_bestTree.M.tree

Program execution info written to /home/FCAM/szaman/researchMukul/covid/5_gene_alignments/5_longest_gene/M_faster/RAxML_info.M.tree
All 100 bootstrapped trees written to: /home/FCAM/szaman/researchMukul/covid/5_gene_alignments/5_longest_gene/M_faster/RAxML_bootstrap.M.tree

Best-scoring ML tree written to: /home/FCAM/szaman/researchMukul/covid/5_gene_alignments/5_longest_gene/M_faster/RAxML_bestTree.M.tree

Best-scoring ML tree with support values written to: /home/FCAM/szaman/researchMukul/covid/5_gene_alignments/5_longest_gene/M_faster/RAxML_bipartitions.M.tree

Best-scoring ML tree with support values as branch labels written to: /home/FCAM/szaman/researchMukul/covid/5_gene_alignments/5_longest_gene/M_faster/RAxML_bipartitionsBranchLabels.M.tree

Overall execution time for full ML analysis: 126.189200 secs or 0.035053 hours or 0.001461 days

