
RAxML can't, parse the alignment file as phylip file 
it will now try to parse it as FASTA file



IMPORTANT WARNING: Sequences MT0403351 and MT0403341 are exactly identical


IMPORTANT WARNING: Sequences AY6868641 and AY5720341 are exactly identical


IMPORTANT WARNING: Sequences AY6868641 and AY5720351 are exactly identical


IMPORTANT WARNING: Sequences AY6868641 and AY5720381 are exactly identical


IMPORTANT WARNING: Sequences AY6868641 and NC0047183 are exactly identical


IMPORTANT WARNING: Sequences AY6868641 and AY6868631 are exactly identical


IMPORTANT WARNING: Sequences FJ5886861 and MK2113751 are exactly identical


IMPORTANT WARNING: Sequences FJ5886861 and MK2113761 are exactly identical


IMPORTANT WARNING: Sequences FJ5886861 and KF3674571 are exactly identical


IMPORTANT WARNING: Sequences KY7708601 and MK2113771 are exactly identical


IMPORTANT WARNING: Sequences KY7708601 and MK2113781 are exactly identical


IMPORTANT WARNING: Sequences KY7708601 and KT4445821 are exactly identical


IMPORTANT WARNING: Sequences KY4171431 and KJ4738121 are exactly identical


IMPORTANT WARNING: Sequences KY4171431 and KY4171441 are exactly identical


IMPORTANT WARNING: Sequences KY4171431 and KY4171461 are exactly identical


IMPORTANT WARNING: Sequences KY4171431 and KY4171421 are exactly identical


IMPORTANT WARNING: Sequences KY4171431 and KY4171511 are exactly identical


IMPORTANT WARNING: Sequences KY4171431 and KY4171481 are exactly identical


IMPORTANT WARNING: Sequences KY4171431 and KY4171521 are exactly identical


IMPORTANT WARNING: Sequences KY4171431 and KY4171491 are exactly identical


IMPORTANT WARNING: Sequences GQ1535471 and GQ1535421 are exactly identical

IMPORTANT WARNING
Found 21 sequences that are exactly identical to other sequences in the alignment.
Normally they should be excluded from the analysis.

Just in case you might need it, an alignment file with 
sequence duplicates removed is printed to file ORF7b.aln.reduced


Using BFGS method to optimize GTR rate parameters, to disable this specify "--no-bfgs" 


This is the RAxML Master Pthread

This is RAxML Worker Pthread Number: 2

This is RAxML Worker Pthread Number: 1

This is RAxML Worker Pthread Number: 3

This is RAxML Worker Pthread Number: 4

This is RAxML Worker Pthread Number: 5

This is RAxML Worker Pthread Number: 6

This is RAxML Worker Pthread Number: 7

This is RAxML Worker Pthread Number: 9

This is RAxML Worker Pthread Number: 8


This is RAxML version 8.2.11 released by Alexandros Stamatakis on June 2017.

With greatly appreciated code contributions by:
Andre Aberer      (HITS)
Simon Berger      (HITS)
Alexey Kozlov     (HITS)
Kassian Kobert    (HITS)
David Dao         (KIT and HITS)
Sarah Lutteropp   (KIT and HITS)
Nick Pattengale   (Sandia)
Wayne Pfeiffer    (SDSC)
Akifumi S. Tanabe (NRIFS)
Charlie Taylor    (UF)


Alignment has 76 distinct alignment patterns

Proportion of gaps and completely undetermined characters in this alignment: 4.16%

RAxML rapid bootstrapping and subsequent ML search

Using 1 distinct models/data partitions with joint branch length optimization



Executing 100 rapid bootstrap inferences and thereafter a thorough ML search 

All free model parameters will be estimated by RAxML
GAMMA model of rate heterogeneity, ML estimate of alpha-parameter

GAMMA Model parameters will be estimated up to an accuracy of 0.1000000000 Log Likelihood units

Partition: 0
Alignment Patterns: 76
Name: No Name Provided
DataType: DNA
Substitution Matrix: GTR




RAxML was called as follows:

raxmlHPC-PTHREADS -T 10 -f a -p 13579 -N 100 -m GTRGAMMA -x 12345 -s ORF7b.aln -n ORF7b.tree 



Time for BS model parameter optimization 0.080242
Bootstrap[0]: Time 1.704792 seconds, bootstrap likelihood -725.909024, best rearrangement setting 13
Bootstrap[1]: Time 1.095644 seconds, bootstrap likelihood -720.143304, best rearrangement setting 13
Bootstrap[2]: Time 0.895587 seconds, bootstrap likelihood -680.624395, best rearrangement setting 12
Bootstrap[3]: Time 0.774400 seconds, bootstrap likelihood -704.403238, best rearrangement setting 15
Bootstrap[4]: Time 0.822684 seconds, bootstrap likelihood -710.593296, best rearrangement setting 10
Bootstrap[5]: Time 0.823579 seconds, bootstrap likelihood -767.829896, best rearrangement setting 10
Bootstrap[6]: Time 0.625609 seconds, bootstrap likelihood -745.828697, best rearrangement setting 6
Bootstrap[7]: Time 0.930618 seconds, bootstrap likelihood -845.545114, best rearrangement setting 14
Bootstrap[8]: Time 0.536681 seconds, bootstrap likelihood -773.757696, best rearrangement setting 5
Bootstrap[9]: Time 0.764670 seconds, bootstrap likelihood -780.489177, best rearrangement setting 7
Bootstrap[10]: Time 0.943599 seconds, bootstrap likelihood -779.585581, best rearrangement setting 7
Bootstrap[11]: Time 0.727153 seconds, bootstrap likelihood -702.545241, best rearrangement setting 5
Bootstrap[12]: Time 1.030783 seconds, bootstrap likelihood -779.313461, best rearrangement setting 8
Bootstrap[13]: Time 0.839722 seconds, bootstrap likelihood -678.671186, best rearrangement setting 7
Bootstrap[14]: Time 0.890040 seconds, bootstrap likelihood -789.102852, best rearrangement setting 12
Bootstrap[15]: Time 0.797692 seconds, bootstrap likelihood -710.925377, best rearrangement setting 15
Bootstrap[16]: Time 0.806270 seconds, bootstrap likelihood -673.431054, best rearrangement setting 12
Bootstrap[17]: Time 0.819662 seconds, bootstrap likelihood -734.724625, best rearrangement setting 12
Bootstrap[18]: Time 0.625405 seconds, bootstrap likelihood -795.212973, best rearrangement setting 5
Bootstrap[19]: Time 0.797763 seconds, bootstrap likelihood -812.209031, best rearrangement setting 8
Bootstrap[20]: Time 0.976041 seconds, bootstrap likelihood -730.254683, best rearrangement setting 10
Bootstrap[21]: Time 0.732205 seconds, bootstrap likelihood -868.570841, best rearrangement setting 6
Bootstrap[22]: Time 0.291030 seconds, bootstrap likelihood -818.268158, best rearrangement setting 5
Bootstrap[23]: Time 0.719118 seconds, bootstrap likelihood -566.033467, best rearrangement setting 7
Bootstrap[24]: Time 0.892589 seconds, bootstrap likelihood -824.897053, best rearrangement setting 8
Bootstrap[25]: Time 0.731914 seconds, bootstrap likelihood -716.703994, best rearrangement setting 6
Bootstrap[26]: Time 1.123235 seconds, bootstrap likelihood -673.742284, best rearrangement setting 12
Bootstrap[27]: Time 1.112773 seconds, bootstrap likelihood -737.556793, best rearrangement setting 10
Bootstrap[28]: Time 0.735623 seconds, bootstrap likelihood -722.169541, best rearrangement setting 11
Bootstrap[29]: Time 0.843381 seconds, bootstrap likelihood -749.349603, best rearrangement setting 12
Bootstrap[30]: Time 1.292699 seconds, bootstrap likelihood -871.521236, best rearrangement setting 15
Bootstrap[31]: Time 0.842430 seconds, bootstrap likelihood -851.911854, best rearrangement setting 15
Bootstrap[32]: Time 0.776354 seconds, bootstrap likelihood -750.943889, best rearrangement setting 6
Bootstrap[33]: Time 0.885354 seconds, bootstrap likelihood -801.225277, best rearrangement setting 15
Bootstrap[34]: Time 0.823578 seconds, bootstrap likelihood -692.749161, best rearrangement setting 11
Bootstrap[35]: Time 0.389977 seconds, bootstrap likelihood -715.195025, best rearrangement setting 8
Bootstrap[36]: Time 0.898499 seconds, bootstrap likelihood -710.981709, best rearrangement setting 9
Bootstrap[37]: Time 0.877301 seconds, bootstrap likelihood -700.751602, best rearrangement setting 11
Bootstrap[38]: Time 0.823869 seconds, bootstrap likelihood -717.762499, best rearrangement setting 8
Bootstrap[39]: Time 0.800752 seconds, bootstrap likelihood -715.330389, best rearrangement setting 13
Bootstrap[40]: Time 0.880056 seconds, bootstrap likelihood -763.684650, best rearrangement setting 13
Bootstrap[41]: Time 0.856220 seconds, bootstrap likelihood -674.918690, best rearrangement setting 10
Bootstrap[42]: Time 0.585306 seconds, bootstrap likelihood -840.614543, best rearrangement setting 5
Bootstrap[43]: Time 0.824081 seconds, bootstrap likelihood -730.826707, best rearrangement setting 14
Bootstrap[44]: Time 0.741236 seconds, bootstrap likelihood -785.767743, best rearrangement setting 10
Bootstrap[45]: Time 0.919108 seconds, bootstrap likelihood -727.510628, best rearrangement setting 15
Bootstrap[46]: Time 1.014192 seconds, bootstrap likelihood -802.552767, best rearrangement setting 14
Bootstrap[47]: Time 0.721636 seconds, bootstrap likelihood -679.381675, best rearrangement setting 8
Bootstrap[48]: Time 0.855867 seconds, bootstrap likelihood -715.123431, best rearrangement setting 6
Bootstrap[49]: Time 0.779843 seconds, bootstrap likelihood -831.111225, best rearrangement setting 7
Bootstrap[50]: Time 0.782326 seconds, bootstrap likelihood -692.034295, best rearrangement setting 7
Bootstrap[51]: Time 0.964242 seconds, bootstrap likelihood -673.422672, best rearrangement setting 11
Bootstrap[52]: Time 0.857684 seconds, bootstrap likelihood -841.391102, best rearrangement setting 12
Bootstrap[53]: Time 0.878842 seconds, bootstrap likelihood -745.062743, best rearrangement setting 8
Bootstrap[54]: Time 0.999942 seconds, bootstrap likelihood -773.085624, best rearrangement setting 9
Bootstrap[55]: Time 0.843015 seconds, bootstrap likelihood -671.182038, best rearrangement setting 11
Bootstrap[56]: Time 0.534403 seconds, bootstrap likelihood -656.696339, best rearrangement setting 5
Bootstrap[57]: Time 0.681867 seconds, bootstrap likelihood -743.703905, best rearrangement setting 7
Bootstrap[58]: Time 0.796559 seconds, bootstrap likelihood -701.578919, best rearrangement setting 10
Bootstrap[59]: Time 0.856544 seconds, bootstrap likelihood -757.833651, best rearrangement setting 9
Bootstrap[60]: Time 0.857203 seconds, bootstrap likelihood -735.235381, best rearrangement setting 7
Bootstrap[61]: Time 0.597473 seconds, bootstrap likelihood -817.160259, best rearrangement setting 5
Bootstrap[62]: Time 0.846905 seconds, bootstrap likelihood -785.143021, best rearrangement setting 11
Bootstrap[63]: Time 0.978750 seconds, bootstrap likelihood -658.285385, best rearrangement setting 12
Bootstrap[64]: Time 0.425812 seconds, bootstrap likelihood -731.435013, best rearrangement setting 7
Bootstrap[65]: Time 0.620776 seconds, bootstrap likelihood -789.324895, best rearrangement setting 5
Bootstrap[66]: Time 0.698191 seconds, bootstrap likelihood -671.045985, best rearrangement setting 5
Bootstrap[67]: Time 1.045281 seconds, bootstrap likelihood -852.154621, best rearrangement setting 15
Bootstrap[68]: Time 0.869954 seconds, bootstrap likelihood -791.664429, best rearrangement setting 11
Bootstrap[69]: Time 0.608965 seconds, bootstrap likelihood -786.418981, best rearrangement setting 5
Bootstrap[70]: Time 0.794889 seconds, bootstrap likelihood -761.456328, best rearrangement setting 8
Bootstrap[71]: Time 0.734842 seconds, bootstrap likelihood -706.902436, best rearrangement setting 10
Bootstrap[72]: Time 0.874841 seconds, bootstrap likelihood -661.596044, best rearrangement setting 11
Bootstrap[73]: Time 0.880868 seconds, bootstrap likelihood -755.333505, best rearrangement setting 9
Bootstrap[74]: Time 0.628479 seconds, bootstrap likelihood -716.295705, best rearrangement setting 5
Bootstrap[75]: Time 0.816054 seconds, bootstrap likelihood -766.322573, best rearrangement setting 8
Bootstrap[76]: Time 0.895962 seconds, bootstrap likelihood -873.539669, best rearrangement setting 9
Bootstrap[77]: Time 0.978143 seconds, bootstrap likelihood -769.993283, best rearrangement setting 11
Bootstrap[78]: Time 0.814375 seconds, bootstrap likelihood -790.026374, best rearrangement setting 15
Bootstrap[79]: Time 0.830313 seconds, bootstrap likelihood -680.693190, best rearrangement setting 9
Bootstrap[80]: Time 0.819719 seconds, bootstrap likelihood -798.886727, best rearrangement setting 15
Bootstrap[81]: Time 0.631546 seconds, bootstrap likelihood -733.063524, best rearrangement setting 7
Bootstrap[82]: Time 0.612811 seconds, bootstrap likelihood -631.130903, best rearrangement setting 6
Bootstrap[83]: Time 0.796697 seconds, bootstrap likelihood -816.001233, best rearrangement setting 10
Bootstrap[84]: Time 1.024903 seconds, bootstrap likelihood -700.206272, best rearrangement setting 11
Bootstrap[85]: Time 0.749654 seconds, bootstrap likelihood -739.591705, best rearrangement setting 8
Bootstrap[86]: Time 0.780210 seconds, bootstrap likelihood -665.060821, best rearrangement setting 7
Bootstrap[87]: Time 0.723379 seconds, bootstrap likelihood -748.275924, best rearrangement setting 7
Bootstrap[88]: Time 0.797264 seconds, bootstrap likelihood -795.176010, best rearrangement setting 12
Bootstrap[89]: Time 0.867117 seconds, bootstrap likelihood -680.127446, best rearrangement setting 10
Bootstrap[90]: Time 0.763158 seconds, bootstrap likelihood -733.527763, best rearrangement setting 8
Bootstrap[91]: Time 0.886219 seconds, bootstrap likelihood -741.840480, best rearrangement setting 12
Bootstrap[92]: Time 0.918329 seconds, bootstrap likelihood -775.437489, best rearrangement setting 13
Bootstrap[93]: Time 0.818622 seconds, bootstrap likelihood -731.376569, best rearrangement setting 15
Bootstrap[94]: Time 0.589337 seconds, bootstrap likelihood -849.751949, best rearrangement setting 5
Bootstrap[95]: Time 0.529863 seconds, bootstrap likelihood -834.554504, best rearrangement setting 5
Bootstrap[96]: Time 0.858943 seconds, bootstrap likelihood -758.035786, best rearrangement setting 13
Bootstrap[97]: Time 0.765484 seconds, bootstrap likelihood -836.196647, best rearrangement setting 11
Bootstrap[98]: Time 0.890632 seconds, bootstrap likelihood -807.348529, best rearrangement setting 6
Bootstrap[99]: Time 0.964446 seconds, bootstrap likelihood -788.104390, best rearrangement setting 14


Overall Time for 100 Rapid Bootstraps 82.260648 seconds
Average Time per Rapid Bootstrap 0.822606 seconds

Starting ML Search ...

Fast ML optimization finished

Fast ML search Time: 22.441659 seconds

Slow ML Search 0 Likelihood: -766.217981
Slow ML Search 1 Likelihood: -766.218021
Slow ML Search 2 Likelihood: -766.218119
Slow ML Search 3 Likelihood: -766.218138
Slow ML Search 4 Likelihood: -766.217906
Slow ML Search 5 Likelihood: -766.171237
Slow ML Search 6 Likelihood: -766.171243
Slow ML Search 7 Likelihood: -766.171239
Slow ML Search 8 Likelihood: -766.244518
Slow ML Search 9 Likelihood: -766.171353
Slow ML optimization finished

Slow ML search Time: 13.795938 seconds
Thorough ML search Time: 1.259335 seconds

Final ML Optimization Likelihood: -766.055756

Model Information:

Model Parameters of Partition 0, Name: No Name Provided, Type of Data: DNA
alpha: 0.571736
Tree-Length: 1.943480
rate A <-> C: 1.909512
rate A <-> G: 1.959077
rate A <-> T: 0.509536
rate C <-> G: 0.000100
rate C <-> T: 3.891474
rate G <-> T: 1.000000

freq pi(A): 0.247460
freq pi(C): 0.174181
freq pi(G): 0.145699
freq pi(T): 0.432661


ML search took 37.539521 secs or 0.010428 hours

Combined Bootstrap and ML search took 119.803533 secs or 0.033279 hours

Drawing Bootstrap Support Values on best-scoring ML tree ...



Found 1 tree in File /home/FCAM/szaman/researchMukul/covid/5_gene_alignments/5_longest_gene/ORF7b_faster/RAxML_bestTree.ORF7b.tree



Found 1 tree in File /home/FCAM/szaman/researchMukul/covid/5_gene_alignments/5_longest_gene/ORF7b_faster/RAxML_bestTree.ORF7b.tree

Program execution info written to /home/FCAM/szaman/researchMukul/covid/5_gene_alignments/5_longest_gene/ORF7b_faster/RAxML_info.ORF7b.tree
All 100 bootstrapped trees written to: /home/FCAM/szaman/researchMukul/covid/5_gene_alignments/5_longest_gene/ORF7b_faster/RAxML_bootstrap.ORF7b.tree

Best-scoring ML tree written to: /home/FCAM/szaman/researchMukul/covid/5_gene_alignments/5_longest_gene/ORF7b_faster/RAxML_bestTree.ORF7b.tree

Best-scoring ML tree with support values written to: /home/FCAM/szaman/researchMukul/covid/5_gene_alignments/5_longest_gene/ORF7b_faster/RAxML_bipartitions.ORF7b.tree

Best-scoring ML tree with support values as branch labels written to: /home/FCAM/szaman/researchMukul/covid/5_gene_alignments/5_longest_gene/ORF7b_faster/RAxML_bipartitionsBranchLabels.ORF7b.tree

Overall execution time for full ML analysis: 119.831619 secs or 0.033287 hours or 0.001387 days

