

IMPORTANT WARNING: Sequences DQ4120421 and DQ6488561 are exactly identical


IMPORTANT WARNING: Sequences AY6868641 and AY5720381 are exactly identical


IMPORTANT WARNING: Sequences AY6868641 and AY5720341 are exactly identical


IMPORTANT WARNING: Sequences AY6868641 and AY5720351 are exactly identical


IMPORTANT WARNING: Sequences AY6868641 and AY6868631 are exactly identical


IMPORTANT WARNING: Sequences KT4445821 and KF3674571 are exactly identical


IMPORTANT WARNING: Sequences KT4445821 and KY4171511 are exactly identical


IMPORTANT WARNING: Sequences GQ1535471 and DQ0223052 are exactly identical


IMPORTANT WARNING: Sequences MT0403361 and MT0403351 are exactly identical


IMPORTANT WARNING: Sequences MT0403361 and MT0403331 are exactly identical


IMPORTANT WARNING: Sequences MG7729341 and MG7729331 are exactly identical

IMPORTANT WARNING
Found 11 sequences that are exactly identical to other sequences in the alignment.
Normally they should be excluded from the analysis.

Just in case you might need it, an alignment file with 
sequence duplicates removed is printed to file /tmp/tmp1GKsf5.align.reduced
TreeFix-DTL version: 1.0.2

TreeFix-DTL executed with the following arguments:
treefixDTL -s species.tree -S mapping.txt -A .aln -o .tree -n .treefixDTL.tree -U .tree -e "-m GTRGAMMA -e 2.0" -V1 -l ./.nuc.raxml.treefixDTL.log M.tree

TreeFix command:
treefix --log ./.nuc.raxml.treefixDTL.log --smap mapping.txt --verbose 1 --extra "-m GTRGAMMA -e 2.0" --alignext .aln --oldext .tree --niter 1000 --stree species.tree --newext .treefixDTL.tree --module treefix.models.raxmlmodel.RAxMLModel --alpha 0.05 --test SH --smodule treefix.models.rangerdtlmodel.DTLModel --usertreeext .tree --nquickiter 100 --freconroot 0 M.tree



